30/12/2019 09:39:40	This log contains information about the import schema operation into project 'DatabaseLayer' on computer 'LAPTOP-5LG5F5FH' by user 'Dom'.
30/12/2019 09:39:41	Import of database schema has started.
30/12/2019 09:39:52	Gathering database credentials
30/12/2019 09:39:52	Gathering database options
30/12/2019 09:39:52	Gathering generic database scoped configuration option
30/12/2019 09:39:52	Gathering users
30/12/2019 09:39:52	Gathering roles
30/12/2019 09:39:52	Gathering application roles
30/12/2019 09:39:52	Gathering role memberships
30/12/2019 09:39:52	Gathering filegroups
30/12/2019 09:39:52	Gathering full-text catalogs
30/12/2019 09:39:52	Gathering assemblies
30/12/2019 09:39:52	Gathering certificates
30/12/2019 09:39:52	Gathering asymmetric keys
30/12/2019 09:39:52	Gathering symmetric keys
30/12/2019 09:39:52	Gathering encrypted symmetric keys
30/12/2019 09:39:52	Gathering schemas
30/12/2019 09:39:52	Gathering XML schema collections
30/12/2019 09:39:52	Gathering user-defined data types
30/12/2019 09:39:52	Gathering user-defined types
30/12/2019 09:39:52	Gathering table types
30/12/2019 09:39:52	Gathering unique keys for table types
30/12/2019 09:39:52	Gathering primary keys for table types
30/12/2019 09:39:52	Gathering indexes for table types
30/12/2019 09:39:52	Gathering check constraints for table types
30/12/2019 09:39:52	Gathering default constraints for table types
30/12/2019 09:39:52	Gathering partition functions
30/12/2019 09:39:52	Gathering partition schemes
30/12/2019 09:39:52	Gathering functions
30/12/2019 09:39:52	Gathering encrypted functions
30/12/2019 09:39:52	Gathering aggregates
30/12/2019 09:39:52	Gathering procedures
30/12/2019 09:39:52	Gathering encrypted procedures
30/12/2019 09:39:52	Gathering tables
30/12/2019 09:39:52	Gathering primary keys
30/12/2019 09:39:52	Gathering unique constraints
30/12/2019 09:39:52	Gathering foreign keys
30/12/2019 09:39:52	Gathering default constraints
30/12/2019 09:39:52	Gathering check constraints
30/12/2019 09:39:52	Gathering views
30/12/2019 09:39:52	Gathering encrypted views
30/12/2019 09:39:52	Gathering indexes
30/12/2019 09:39:52	Gathering statistics
30/12/2019 09:39:52	Gathering full-text index stoplists
30/12/2019 09:39:52	Gathering search property lists
30/12/2019 09:39:52	Gathering search properties
30/12/2019 09:39:52	Gathering full-text indexes
30/12/2019 09:39:52	Gathering column store indexes
30/12/2019 09:39:52	Gathering spatial indexes
30/12/2019 09:39:52	Gathering XML indexes
30/12/2019 09:39:52	Gathering Selective XML indexes
30/12/2019 09:39:52	Gathering encrypted triggers
30/12/2019 09:39:52	Gathering triggers
30/12/2019 09:39:52	Gathering encrypted and clr ddl triggers
30/12/2019 09:39:52	Gathering ddl triggers
30/12/2019 09:39:52	Gathering synonyms
30/12/2019 09:39:52	Gathering defaults
30/12/2019 09:39:52	Gathering data constraint uddt bindings
30/12/2019 09:39:52	Gathering rules
30/12/2019 09:39:52	Gathering data constraint uddt bindings
30/12/2019 09:39:52	Gathering message types
30/12/2019 09:39:52	Gathering queues
30/12/2019 09:39:52	Gathering contracts
30/12/2019 09:39:52	Gathering services
30/12/2019 09:39:52	Gathering event notifications
30/12/2019 09:39:52	Gathering remote service bindings
30/12/2019 09:39:52	Gathering broker priorities
30/12/2019 09:39:52	Gathering signatures
30/12/2019 09:39:52	Gathering data compression options
30/12/2019 09:39:52	Gathering sequence types
30/12/2019 09:39:52	Gathering security policies
30/12/2019 09:39:52	Gather column encryption keys
30/12/2019 09:39:52	Gathering column master keys
30/12/2019 09:39:52	Gathering external data sources
30/12/2019 09:39:52	Gathering external file formats
30/12/2019 09:39:52	Gathering external tables
30/12/2019 09:39:52	Gathering extended properties
30/12/2019 09:39:52	Gathering credentials
30/12/2019 09:39:52	Gathering logins
30/12/2019 09:39:52	Gathering server audits
30/12/2019 09:39:53	Scanning project for duplicate elements
30/12/2019 09:39:53	Finished duplicate element processing
30/12/2019 09:39:53	Finished importing database.
30/12/2019 09:39:53	A summary of the import was saved to the following location: C:\Users\Dom\Desktop\ProgrammingTech\CarRental\DatabaseLayer\Import Schema Logs\DatabaseLayer_20191230083940.log
30/12/2019 09:39:53	Click Finish to continue...
